2019-03-29 14:43:29.744 INFO  20368          [       restartedMain] ai.chainbase.wechat_msg.WechatMsgApplication                               : logStarting:50: Starting WechatMsgApplication on FG9L2GMSDXI9S1T with PID 20368 (started by Administrator in F:\Workspaces\IntelliJ IDEA\wechat_msg)
2019-03-29 14:43:29.745 INFO  20368          [       restartedMain] ai.chainbase.wechat_msg.WechatMsgApplication                               : logStartupProfileInfo:675: No active profile set, falling back to default profiles: default
2019-03-29 14:43:29.948 INFO  20368          [       restartedMain] o.springframework.boot.web.embedded.tomcat.TomcatWebServer                 : initialize:90: Tomcat initialized with port(s): 80 (http)
2019-03-29 14:43:29.949 INFO  20368          [       restartedMain] org.apache.catalina.core.StandardService                                   : log:173: Starting service [Tomcat]
2019-03-29 14:43:29.949 INFO  20368          [       restartedMain] org.apache.catalina.core.StandardEngine                                    : log:173: Starting Servlet engine: [Apache Tomcat/9.0.16]
2019-03-29 14:43:29.968 INFO  20368          [       restartedMain] o.a.c.c.C.[Tomcat-16].[localhost].[/wechat_msg]                            : log:173: Initializing Spring embedded WebApplicationContext
2019-03-29 14:43:29.968 INFO  20368          [       restartedMain] org.springframework.web.context.ContextLoader                              : prepareWebApplicationContext:296: Root WebApplicationContext: initialization completed in 222 ms
2019-03-29 14:43:29.989 INFO  20368          [       restartedMain] c.a.d.s.boot.autoconfigure.DruidDataSourceAutoConfigure                    : dataSource:56: Init DruidDataSource
2019-03-29 14:43:30.706 INFO  20368          [       restartedMain] com.alibaba.druid.pool.DruidDataSource                                     : init:928: {dataSource-131} inited
2019-03-29 14:43:30.749 INFO  20368          [       restartedMain] o.s.scheduling.concurrent.ThreadPoolTaskExecutor                           : initialize:171: Initializing ExecutorService 'applicationTaskExecutor'
2019-03-29 14:43:30.782 WARN  20368          [       restartedMain] o.s.boot.devtools.autoconfigure.OptionalLiveReloadServer                   : startServer:61: Unable to start LiveReload server
2019-03-29 14:43:30.797 INFO  20368          [       restartedMain] o.springframework.boot.web.embedded.tomcat.TomcatWebServer                 : start:204: Tomcat started on port(s): 80 (http) with context path '/wechat_msg'
2019-03-29 14:43:30.798 INFO  20368          [       restartedMain] ai.chainbase.wechat_msg.WechatMsgApplication                               : logStarted:59: Started WechatMsgApplication in 1.07 seconds (JVM running for 74164.242)
2019-03-29 14:43:30.799 INFO  20368          [       restartedMain] o.s.b.d.a.ConditionEvaluationDeltaLoggingListener                          : onApplicationEvent:70: Condition evaluation unchanged
2019-03-29 14:45:07.198 INFO  20368          [          Thread-744] o.s.scheduling.concurrent.ThreadPoolTaskExecutor                           : shutdown:208: Shutting down ExecutorService 'applicationTaskExecutor'
2019-03-29 14:45:07.202 INFO  20368          [          Thread-744] com.alibaba.druid.pool.DruidDataSource                                     : close:1823: {dataSource-131} closed
2019-03-29 14:45:07.619 INFO  20368          [       restartedMain] ai.chainbase.wechat_msg.WechatMsgApplication                               : logStarting:50: Starting WechatMsgApplication on FG9L2GMSDXI9S1T with PID 20368 (started by Administrator in F:\Workspaces\IntelliJ IDEA\wechat_msg)
2019-03-29 14:45:07.619 INFO  20368          [       restartedMain] ai.chainbase.wechat_msg.WechatMsgApplication                               : logStartupProfileInfo:675: No active profile set, falling back to default profiles: default
2019-03-29 14:45:07.847 INFO  20368          [       restartedMain] o.springframework.boot.web.embedded.tomcat.TomcatWebServer                 : initialize:90: Tomcat initialized with port(s): 80 (http)
2019-03-29 14:45:07.848 INFO  20368          [       restartedMain] org.apache.catalina.core.StandardService                                   : log:173: Starting service [Tomcat]
2019-03-29 14:45:07.848 INFO  20368          [       restartedMain] org.apache.catalina.core.StandardEngine                                    : log:173: Starting Servlet engine: [Apache Tomcat/9.0.16]
2019-03-29 14:45:07.864 INFO  20368          [       restartedMain] o.a.c.c.C.[Tomcat-16].[localhost].[/wechat_msg]                            : log:173: Initializing Spring embedded WebApplicationContext
2019-03-29 14:45:07.865 INFO  20368          [       restartedMain] org.springframework.web.context.ContextLoader                              : prepareWebApplicationContext:296: Root WebApplicationContext: initialization completed in 245 ms
2019-03-29 14:45:07.884 INFO  20368          [       restartedMain] c.a.d.s.boot.autoconfigure.DruidDataSourceAutoConfigure                    : dataSource:56: Init DruidDataSource
2019-03-29 14:45:08.894 INFO  20368          [       restartedMain] com.alibaba.druid.pool.DruidDataSource                                     : init:928: {dataSource-132} inited
2019-03-29 14:45:08.939 INFO  20368          [       restartedMain] o.s.scheduling.concurrent.ThreadPoolTaskExecutor                           : initialize:171: Initializing ExecutorService 'applicationTaskExecutor'
2019-03-29 14:45:08.971 WARN  20368          [       restartedMain] o.s.boot.devtools.autoconfigure.OptionalLiveReloadServer                   : startServer:61: Unable to start LiveReload server
2019-03-29 14:45:08.985 INFO  20368          [       restartedMain] o.springframework.boot.web.embedded.tomcat.TomcatWebServer                 : start:204: Tomcat started on port(s): 80 (http) with context path '/wechat_msg'
2019-03-29 14:45:08.985 INFO  20368          [       restartedMain] ai.chainbase.wechat_msg.WechatMsgApplication                               : logStarted:59: Started WechatMsgApplication in 1.384 seconds (JVM running for 74262.43)
2019-03-29 14:45:08.986 INFO  20368          [       restartedMain] o.s.b.d.a.ConditionEvaluationDeltaLoggingListener                          : onApplicationEvent:70: Condition evaluation unchanged
2019-03-29 14:45:10.382 INFO  20368          [          Thread-750] o.s.scheduling.concurrent.ThreadPoolTaskExecutor                           : shutdown:208: Shutting down ExecutorService 'applicationTaskExecutor'
2019-03-29 14:45:10.384 INFO  20368          [          Thread-750] com.alibaba.druid.pool.DruidDataSource                                     : close:1823: {dataSource-132} closed
2019-03-29 14:45:10.739 INFO  20368          [       restartedMain] ai.chainbase.wechat_msg.WechatMsgApplication                               : logStarting:50: Starting WechatMsgApplication on FG9L2GMSDXI9S1T with PID 20368 (started by Administrator in F:\Workspaces\IntelliJ IDEA\wechat_msg)
2019-03-29 14:45:10.739 INFO  20368          [       restartedMain] ai.chainbase.wechat_msg.WechatMsgApplication                               : logStartupProfileInfo:675: No active profile set, falling back to default profiles: default
2019-03-29 14:45:10.971 INFO  20368          [       restartedMain] o.springframework.boot.web.embedded.tomcat.TomcatWebServer                 : initialize:90: Tomcat initialized with port(s): 80 (http)
2019-03-29 14:45:10.972 INFO  20368          [       restartedMain] org.apache.catalina.core.StandardService                                   : log:173: Starting service [Tomcat]
2019-03-29 14:45:10.972 INFO  20368          [       restartedMain] org.apache.catalina.core.StandardEngine                                    : log:173: Starting Servlet engine: [Apache Tomcat/9.0.16]
2019-03-29 14:45:10.989 INFO  20368          [       restartedMain] o.a.c.c.C.[Tomcat-16].[localhost].[/wechat_msg]                            : log:173: Initializing Spring embedded WebApplicationContext
2019-03-29 14:45:10.989 INFO  20368          [       restartedMain] org.springframework.web.context.ContextLoader                              : prepareWebApplicationContext:296: Root WebApplicationContext: initialization completed in 249 ms
2019-03-29 14:45:11.010 INFO  20368          [       restartedMain] c.a.d.s.boot.autoconfigure.DruidDataSourceAutoConfigure                    : dataSource:56: Init DruidDataSource
2019-03-29 14:45:11.794 INFO  20368          [       restartedMain] com.alibaba.druid.pool.DruidDataSource                                     : init:928: {dataSource-133} inited
2019-03-29 14:45:11.843 INFO  20368          [       restartedMain] o.s.scheduling.concurrent.ThreadPoolTaskExecutor                           : initialize:171: Initializing ExecutorService 'applicationTaskExecutor'
2019-03-29 14:45:11.876 WARN  20368          [       restartedMain] o.s.boot.devtools.autoconfigure.OptionalLiveReloadServer                   : startServer:61: Unable to start LiveReload server
2019-03-29 14:45:11.890 INFO  20368          [       restartedMain] o.springframework.boot.web.embedded.tomcat.TomcatWebServer                 : start:204: Tomcat started on port(s): 80 (http) with context path '/wechat_msg'
2019-03-29 14:45:11.890 INFO  20368          [       restartedMain] ai.chainbase.wechat_msg.WechatMsgApplication                               : logStarted:59: Started WechatMsgApplication in 1.167 seconds (JVM running for 74265.335)
2019-03-29 14:45:11.891 INFO  20368          [       restartedMain] o.s.b.d.a.ConditionEvaluationDeltaLoggingListener                          : onApplicationEvent:70: Condition evaluation unchanged
2019-03-29 14:45:58.501 INFO  20368          [          Thread-756] o.s.scheduling.concurrent.ThreadPoolTaskExecutor                           : shutdown:208: Shutting down ExecutorService 'applicationTaskExecutor'
2019-03-29 14:45:58.504 INFO  20368          [          Thread-756] com.alibaba.druid.pool.DruidDataSource                                     : close:1823: {dataSource-133} closed
2019-03-29 14:45:58.882 INFO  20368          [       restartedMain] ai.chainbase.wechat_msg.WechatMsgApplication                               : logStarting:50: Starting WechatMsgApplication on FG9L2GMSDXI9S1T with PID 20368 (started by Administrator in F:\Workspaces\IntelliJ IDEA\wechat_msg)
2019-03-29 14:45:58.883 INFO  20368          [       restartedMain] ai.chainbase.wechat_msg.WechatMsgApplication                               : logStartupProfileInfo:675: No active profile set, falling back to default profiles: default
2019-03-29 14:45:59.092 INFO  20368          [       restartedMain] o.springframework.boot.web.embedded.tomcat.TomcatWebServer                 : initialize:90: Tomcat initialized with port(s): 80 (http)
2019-03-29 14:45:59.092 INFO  20368          [       restartedMain] org.apache.catalina.core.StandardService                                   : log:173: Starting service [Tomcat]
2019-03-29 14:45:59.092 INFO  20368          [       restartedMain] org.apache.catalina.core.StandardEngine                                    : log:173: Starting Servlet engine: [Apache Tomcat/9.0.16]
2019-03-29 14:45:59.110 INFO  20368          [       restartedMain] o.a.c.c.C.[Tomcat-16].[localhost].[/wechat_msg]                            : log:173: Initializing Spring embedded WebApplicationContext
2019-03-29 14:45:59.110 INFO  20368          [       restartedMain] org.springframework.web.context.ContextLoader                              : prepareWebApplicationContext:296: Root WebApplicationContext: initialization completed in 225 ms
2019-03-29 14:45:59.130 INFO  20368          [       restartedMain] c.a.d.s.boot.autoconfigure.DruidDataSourceAutoConfigure                    : dataSource:56: Init DruidDataSource
2019-03-29 14:46:01.132 INFO  20368          [       restartedMain] com.alibaba.druid.pool.DruidDataSource                                     : init:928: {dataSource-134} inited
2019-03-29 14:46:01.181 INFO  20368          [       restartedMain] o.s.scheduling.concurrent.ThreadPoolTaskExecutor                           : initialize:171: Initializing ExecutorService 'applicationTaskExecutor'
2019-03-29 14:46:01.223 WARN  20368          [       restartedMain] o.s.boot.devtools.autoconfigure.OptionalLiveReloadServer                   : startServer:61: Unable to start LiveReload server
2019-03-29 14:46:01.239 INFO  20368          [       restartedMain] o.springframework.boot.web.embedded.tomcat.TomcatWebServer                 : start:204: Tomcat started on port(s): 80 (http) with context path '/wechat_msg'
2019-03-29 14:46:01.239 INFO  20368          [       restartedMain] ai.chainbase.wechat_msg.WechatMsgApplication                               : logStarted:59: Started WechatMsgApplication in 2.379 seconds (JVM running for 74314.684)
2019-03-29 14:46:01.240 INFO  20368          [       restartedMain] o.s.b.d.a.ConditionEvaluationDeltaLoggingListener                          : onApplicationEvent:70: Condition evaluation unchanged
2019-03-29 14:46:02.634 INFO  20368          [          Thread-762] o.s.scheduling.concurrent.ThreadPoolTaskExecutor                           : shutdown:208: Shutting down ExecutorService 'applicationTaskExecutor'
2019-03-29 14:46:02.637 INFO  20368          [          Thread-762] com.alibaba.druid.pool.DruidDataSource                                     : close:1823: {dataSource-134} closed
2019-03-29 14:46:02.978 INFO  20368          [       restartedMain] ai.chainbase.wechat_msg.WechatMsgApplication                               : logStarting:50: Starting WechatMsgApplication on FG9L2GMSDXI9S1T with PID 20368 (started by Administrator in F:\Workspaces\IntelliJ IDEA\wechat_msg)
2019-03-29 14:46:02.978 INFO  20368          [       restartedMain] ai.chainbase.wechat_msg.WechatMsgApplication                               : logStartupProfileInfo:675: No active profile set, falling back to default profiles: default
2019-03-29 14:46:03.167 INFO  20368          [       restartedMain] o.springframework.boot.web.embedded.tomcat.TomcatWebServer                 : initialize:90: Tomcat initialized with port(s): 80 (http)
2019-03-29 14:46:03.168 INFO  20368          [       restartedMain] org.apache.catalina.core.StandardService                                   : log:173: Starting service [Tomcat]
2019-03-29 14:46:03.168 INFO  20368          [       restartedMain] org.apache.catalina.core.StandardEngine                                    : log:173: Starting Servlet engine: [Apache Tomcat/9.0.16]
2019-03-29 14:46:03.185 INFO  20368          [       restartedMain] o.a.c.c.C.[Tomcat-16].[localhost].[/wechat_msg]                            : log:173: Initializing Spring embedded WebApplicationContext
2019-03-29 14:46:03.185 INFO  20368          [       restartedMain] org.springframework.web.context.ContextLoader                              : prepareWebApplicationContext:296: Root WebApplicationContext: initialization completed in 206 ms
2019-03-29 14:46:03.204 INFO  20368          [       restartedMain] c.a.d.s.boot.autoconfigure.DruidDataSourceAutoConfigure                    : dataSource:56: Init DruidDataSource
2019-03-29 14:46:04.822 INFO  20368          [       restartedMain] com.alibaba.druid.pool.DruidDataSource                                     : init:928: {dataSource-135} inited
2019-03-29 14:46:04.864 INFO  20368          [       restartedMain] o.s.scheduling.concurrent.ThreadPoolTaskExecutor                           : initialize:171: Initializing ExecutorService 'applicationTaskExecutor'
2019-03-29 14:46:04.895 WARN  20368          [       restartedMain] o.s.boot.devtools.autoconfigure.OptionalLiveReloadServer                   : startServer:61: Unable to start LiveReload server
2019-03-29 14:46:04.909 INFO  20368          [       restartedMain] o.springframework.boot.web.embedded.tomcat.TomcatWebServer                 : start:204: Tomcat started on port(s): 80 (http) with context path '/wechat_msg'
2019-03-29 14:46:04.909 INFO  20368          [       restartedMain] ai.chainbase.wechat_msg.WechatMsgApplication                               : logStarted:59: Started WechatMsgApplication in 1.945 seconds (JVM running for 74318.354)
2019-03-29 14:46:04.910 INFO  20368          [       restartedMain] o.s.b.d.a.ConditionEvaluationDeltaLoggingListener                          : onApplicationEvent:70: Condition evaluation unchanged
2019-03-29 14:46:17.356 INFO  20368          [          Thread-768] o.s.scheduling.concurrent.ThreadPoolTaskExecutor                           : shutdown:208: Shutting down ExecutorService 'applicationTaskExecutor'
2019-03-29 14:46:17.359 INFO  20368          [          Thread-768] com.alibaba.druid.pool.DruidDataSource                                     : close:1823: {dataSource-135} closed
2019-03-29 14:46:17.748 INFO  20368          [       restartedMain] ai.chainbase.wechat_msg.WechatMsgApplication                               : logStarting:50: Starting WechatMsgApplication on FG9L2GMSDXI9S1T with PID 20368 (started by Administrator in F:\Workspaces\IntelliJ IDEA\wechat_msg)
2019-03-29 14:46:17.749 INFO  20368          [       restartedMain] ai.chainbase.wechat_msg.WechatMsgApplication                               : logStartupProfileInfo:675: No active profile set, falling back to default profiles: default
2019-03-29 14:46:17.986 INFO  20368          [       restartedMain] o.springframework.boot.web.embedded.tomcat.TomcatWebServer                 : initialize:90: Tomcat initialized with port(s): 80 (http)
2019-03-29 14:46:17.987 INFO  20368          [       restartedMain] org.apache.catalina.core.StandardService                                   : log:173: Starting service [Tomcat]
2019-03-29 14:46:17.987 INFO  20368          [       restartedMain] org.apache.catalina.core.StandardEngine                                    : log:173: Starting Servlet engine: [Apache Tomcat/9.0.16]
2019-03-29 14:46:18.010 INFO  20368          [       restartedMain] o.a.c.c.C.[Tomcat-16].[localhost].[/wechat_msg]                            : log:173: Initializing Spring embedded WebApplicationContext
2019-03-29 14:46:18.010 INFO  20368          [       restartedMain] org.springframework.web.context.ContextLoader                              : prepareWebApplicationContext:296: Root WebApplicationContext: initialization completed in 260 ms
2019-03-29 14:46:18.041 INFO  20368          [       restartedMain] c.a.d.s.boot.autoconfigure.DruidDataSourceAutoConfigure                    : dataSource:56: Init DruidDataSource
2019-03-29 14:46:21.208 INFO  20368          [       restartedMain] com.alibaba.druid.pool.DruidDataSource                                     : init:928: {dataSource-136} inited
2019-03-29 14:46:21.257 INFO  20368          [       restartedMain] o.s.scheduling.concurrent.ThreadPoolTaskExecutor                           : initialize:171: Initializing ExecutorService 'applicationTaskExecutor'
2019-03-29 14:46:21.292 WARN  20368          [       restartedMain] o.s.boot.devtools.autoconfigure.OptionalLiveReloadServer                   : startServer:61: Unable to start LiveReload server
2019-03-29 14:46:21.309 INFO  20368          [       restartedMain] o.springframework.boot.web.embedded.tomcat.TomcatWebServer                 : start:204: Tomcat started on port(s): 80 (http) with context path '/wechat_msg'
2019-03-29 14:46:21.309 INFO  20368          [       restartedMain] ai.chainbase.wechat_msg.WechatMsgApplication                               : logStarted:59: Started WechatMsgApplication in 3.578 seconds (JVM running for 74334.754)
2019-03-29 14:46:21.311 INFO  20368          [       restartedMain] o.s.b.d.a.ConditionEvaluationDeltaLoggingListener                          : onApplicationEvent:70: Condition evaluation unchanged
2019-03-29 14:47:09.890 INFO  20368          [          Thread-774] o.s.scheduling.concurrent.ThreadPoolTaskExecutor                           : shutdown:208: Shutting down ExecutorService 'applicationTaskExecutor'
2019-03-29 14:47:09.894 INFO  20368          [          Thread-774] com.alibaba.druid.pool.DruidDataSource                                     : close:1823: {dataSource-136} closed
2019-03-29 14:47:10.275 INFO  20368          [       restartedMain] ai.chainbase.wechat_msg.WechatMsgApplication                               : logStarting:50: Starting WechatMsgApplication on FG9L2GMSDXI9S1T with PID 20368 (started by Administrator in F:\Workspaces\IntelliJ IDEA\wechat_msg)
2019-03-29 14:47:10.276 INFO  20368          [       restartedMain] ai.chainbase.wechat_msg.WechatMsgApplication                               : logStartupProfileInfo:675: No active profile set, falling back to default profiles: default
2019-03-29 14:47:10.500 INFO  20368          [       restartedMain] o.springframework.boot.web.embedded.tomcat.TomcatWebServer                 : initialize:90: Tomcat initialized with port(s): 80 (http)
2019-03-29 14:47:10.501 INFO  20368          [       restartedMain] org.apache.catalina.core.StandardService                                   : log:173: Starting service [Tomcat]
2019-03-29 14:47:10.501 INFO  20368          [       restartedMain] org.apache.catalina.core.StandardEngine                                    : log:173: Starting Servlet engine: [Apache Tomcat/9.0.16]
2019-03-29 14:47:10.521 INFO  20368          [       restartedMain] o.a.c.c.C.[Tomcat-16].[localhost].[/wechat_msg]                            : log:173: Initializing Spring embedded WebApplicationContext
2019-03-29 14:47:10.521 INFO  20368          [       restartedMain] org.springframework.web.context.ContextLoader                              : prepareWebApplicationContext:296: Root WebApplicationContext: initialization completed in 244 ms
2019-03-29 14:47:10.542 INFO  20368          [       restartedMain] c.a.d.s.boot.autoconfigure.DruidDataSourceAutoConfigure                    : dataSource:56: Init DruidDataSource
2019-03-29 14:47:13.118 INFO  20368          [       restartedMain] com.alibaba.druid.pool.DruidDataSource                                     : init:928: {dataSource-137} inited
2019-03-29 14:47:13.162 INFO  20368          [       restartedMain] o.s.scheduling.concurrent.ThreadPoolTaskExecutor                           : initialize:171: Initializing ExecutorService 'applicationTaskExecutor'
2019-03-29 14:47:13.202 WARN  20368          [       restartedMain] o.s.boot.devtools.autoconfigure.OptionalLiveReloadServer                   : startServer:61: Unable to start LiveReload server
2019-03-29 14:47:13.218 INFO  20368          [       restartedMain] o.springframework.boot.web.embedded.tomcat.TomcatWebServer                 : start:204: Tomcat started on port(s): 80 (http) with context path '/wechat_msg'
2019-03-29 14:47:13.218 INFO  20368          [       restartedMain] ai.chainbase.wechat_msg.WechatMsgApplication                               : logStarted:59: Started WechatMsgApplication in 2.96 seconds (JVM running for 74386.663)
2019-03-29 14:47:13.219 INFO  20368          [       restartedMain] o.s.b.d.a.ConditionEvaluationDeltaLoggingListener                          : onApplicationEvent:70: Condition evaluation unchanged
2019-03-29 14:47:26.662 INFO  20368          [          Thread-780] o.s.scheduling.concurrent.ThreadPoolTaskExecutor                           : shutdown:208: Shutting down ExecutorService 'applicationTaskExecutor'
2019-03-29 14:47:26.666 INFO  20368          [          Thread-780] com.alibaba.druid.pool.DruidDataSource                                     : close:1823: {dataSource-137} closed
2019-03-29 14:47:27.001 INFO  20368          [       restartedMain] ai.chainbase.wechat_msg.WechatMsgApplication                               : logStarting:50: Starting WechatMsgApplication on FG9L2GMSDXI9S1T with PID 20368 (started by Administrator in F:\Workspaces\IntelliJ IDEA\wechat_msg)
2019-03-29 14:47:27.001 INFO  20368          [       restartedMain] ai.chainbase.wechat_msg.WechatMsgApplication                               : logStartupProfileInfo:675: No active profile set, falling back to default profiles: default
2019-03-29 14:47:27.194 INFO  20368          [       restartedMain] o.springframework.boot.web.embedded.tomcat.TomcatWebServer                 : initialize:90: Tomcat initialized with port(s): 80 (http)
2019-03-29 14:47:27.195 INFO  20368          [       restartedMain] org.apache.catalina.core.StandardService                                   : log:173: Starting service [Tomcat]
2019-03-29 14:47:27.195 INFO  20368          [       restartedMain] org.apache.catalina.core.StandardEngine                                    : log:173: Starting Servlet engine: [Apache Tomcat/9.0.16]
2019-03-29 14:47:27.213 INFO  20368          [       restartedMain] o.a.c.core.ContainerBase.[Tomcat-16].[localhost].[/]                       : log:173: Initializing Spring embedded WebApplicationContext
2019-03-29 14:47:27.213 INFO  20368          [       restartedMain] org.springframework.web.context.ContextLoader                              : prepareWebApplicationContext:296: Root WebApplicationContext: initialization completed in 210 ms
2019-03-29 14:47:27.234 INFO  20368          [       restartedMain] c.a.d.s.boot.autoconfigure.DruidDataSourceAutoConfigure                    : dataSource:56: Init DruidDataSource
2019-03-29 14:47:29.343 INFO  20368          [       restartedMain] com.alibaba.druid.pool.DruidDataSource                                     : init:928: {dataSource-138} inited
2019-03-29 14:47:29.417 INFO  20368          [       restartedMain] o.s.scheduling.concurrent.ThreadPoolTaskExecutor                           : initialize:171: Initializing ExecutorService 'applicationTaskExecutor'
2019-03-29 14:47:29.479 WARN  20368          [       restartedMain] o.s.boot.devtools.autoconfigure.OptionalLiveReloadServer                   : startServer:61: Unable to start LiveReload server
2019-03-29 14:47:29.503 INFO  20368          [       restartedMain] o.springframework.boot.web.embedded.tomcat.TomcatWebServer                 : start:204: Tomcat started on port(s): 80 (http) with context path ''
2019-03-29 14:47:29.504 INFO  20368          [       restartedMain] ai.chainbase.wechat_msg.WechatMsgApplication                               : logStarted:59: Started WechatMsgApplication in 2.519 seconds (JVM running for 74402.948)
2019-03-29 14:47:29.506 INFO  20368          [       restartedMain] o.s.b.d.a.ConditionEvaluationDeltaLoggingListener                          : onApplicationEvent:70: Condition evaluation unchanged
2019-03-29 14:47:30.887 INFO  20368          [          Thread-786] o.s.scheduling.concurrent.ThreadPoolTaskExecutor                           : shutdown:208: Shutting down ExecutorService 'applicationTaskExecutor'
2019-03-29 14:47:30.890 INFO  20368          [          Thread-786] com.alibaba.druid.pool.DruidDataSource                                     : close:1823: {dataSource-138} closed
2019-03-29 14:47:31.260 INFO  20368          [       restartedMain] ai.chainbase.wechat_msg.WechatMsgApplication                               : logStarting:50: Starting WechatMsgApplication on FG9L2GMSDXI9S1T with PID 20368 (started by Administrator in F:\Workspaces\IntelliJ IDEA\wechat_msg)
2019-03-29 14:47:31.260 INFO  20368          [       restartedMain] ai.chainbase.wechat_msg.WechatMsgApplication                               : logStartupProfileInfo:675: No active profile set, falling back to default profiles: default
2019-03-29 14:47:31.536 INFO  20368          [       restartedMain] o.springframework.boot.web.embedded.tomcat.TomcatWebServer                 : initialize:90: Tomcat initialized with port(s): 80 (http)
2019-03-29 14:47:31.536 INFO  20368          [       restartedMain] org.apache.catalina.core.StandardService                                   : log:173: Starting service [Tomcat]
2019-03-29 14:47:31.536 INFO  20368          [       restartedMain] org.apache.catalina.core.StandardEngine                                    : log:173: Starting Servlet engine: [Apache Tomcat/9.0.16]
2019-03-29 14:47:31.557 INFO  20368          [       restartedMain] o.a.c.core.ContainerBase.[Tomcat-16].[localhost].[/]                       : log:173: Initializing Spring embedded WebApplicationContext
2019-03-29 14:47:31.557 INFO  20368          [       restartedMain] org.springframework.web.context.ContextLoader                              : prepareWebApplicationContext:296: Root WebApplicationContext: initialization completed in 295 ms
2019-03-29 14:47:31.586 INFO  20368          [       restartedMain] c.a.d.s.boot.autoconfigure.DruidDataSourceAutoConfigure                    : dataSource:56: Init DruidDataSource
2019-03-29 14:47:32.077 INFO  9156           [                main] ai.chainbase.wechat_msg.WechatMsgApplicationTests                          : logStarting:50: Starting WechatMsgApplicationTests on FG9L2GMSDXI9S1T with PID 9156 (started by Administrator in F:\Workspaces\IntelliJ IDEA\wechat_msg)
2019-03-29 14:47:32.079 INFO  9156           [                main] ai.chainbase.wechat_msg.WechatMsgApplicationTests                          : logStartupProfileInfo:675: No active profile set, falling back to default profiles: default
2019-03-29 14:47:32.686 INFO  20368          [       restartedMain] com.alibaba.druid.pool.DruidDataSource                                     : init:928: {dataSource-139} inited
2019-03-29 14:47:32.746 INFO  20368          [       restartedMain] o.s.scheduling.concurrent.ThreadPoolTaskExecutor                           : initialize:171: Initializing ExecutorService 'applicationTaskExecutor'
2019-03-29 14:47:32.790 WARN  20368          [       restartedMain] o.s.boot.devtools.autoconfigure.OptionalLiveReloadServer                   : startServer:61: Unable to start LiveReload server
2019-03-29 14:47:32.808 INFO  20368          [       restartedMain] o.springframework.boot.web.embedded.tomcat.TomcatWebServer                 : start:204: Tomcat started on port(s): 80 (http) with context path ''
2019-03-29 14:47:32.808 INFO  20368          [       restartedMain] ai.chainbase.wechat_msg.WechatMsgApplication                               : logStarted:59: Started WechatMsgApplication in 1.566 seconds (JVM running for 74406.253)
2019-03-29 14:47:32.810 INFO  20368          [       restartedMain] o.s.b.d.a.ConditionEvaluationDeltaLoggingListener                          : onApplicationEvent:70: Condition evaluation unchanged
2019-03-29 14:47:32.961 INFO  9156           [                main] c.a.d.s.boot.autoconfigure.DruidDataSourceAutoConfigure                    : dataSource:56: Init DruidDataSource
2019-03-29 14:47:34.464 INFO  9156           [                main] com.alibaba.druid.pool.DruidDataSource                                     : init:928: {dataSource-1} inited
2019-03-29 14:47:35.005 INFO  9156           [                main] o.s.scheduling.concurrent.ThreadPoolTaskExecutor                           : initialize:171: Initializing ExecutorService 'applicationTaskExecutor'
2019-03-29 14:47:35.356 INFO  9156           [                main] ai.chainbase.wechat_msg.WechatMsgApplicationTests                          : logStarted:59: Started WechatMsgApplicationTests in 3.582 seconds (JVM running for 4.312)
2019-03-29 14:47:35.528 INFO  9156           [            Thread-3] o.s.scheduling.concurrent.ThreadPoolTaskExecutor                           : shutdown:208: Shutting down ExecutorService 'applicationTaskExecutor'
2019-03-29 14:47:35.533 INFO  9156           [            Thread-3] com.alibaba.druid.pool.DruidDataSource                                     : close:1823: {dataSource-1} closed
2019-03-29 14:59:38.521 INFO  20368          [          Thread-792] o.s.scheduling.concurrent.ThreadPoolTaskExecutor                           : shutdown:208: Shutting down ExecutorService 'applicationTaskExecutor'
2019-03-29 14:59:38.525 INFO  20368          [          Thread-792] com.alibaba.druid.pool.DruidDataSource                                     : close:1823: {dataSource-139} closed
2019-03-29 14:59:38.927 INFO  20368          [       restartedMain] ai.chainbase.wechat_msg.WechatMsgApplication                               : logStarting:50: Starting WechatMsgApplication on FG9L2GMSDXI9S1T with PID 20368 (started by Administrator in F:\Workspaces\IntelliJ IDEA\wechat_msg)
2019-03-29 14:59:38.928 INFO  20368          [       restartedMain] ai.chainbase.wechat_msg.WechatMsgApplication                               : logStartupProfileInfo:675: No active profile set, falling back to default profiles: default
2019-03-29 14:59:39.133 INFO  20368          [       restartedMain] o.springframework.boot.web.embedded.tomcat.TomcatWebServer                 : initialize:90: Tomcat initialized with port(s): 80 (http)
2019-03-29 14:59:39.134 INFO  20368          [       restartedMain] org.apache.catalina.core.StandardService                                   : log:173: Starting service [Tomcat]
2019-03-29 14:59:39.134 INFO  20368          [       restartedMain] org.apache.catalina.core.StandardEngine                                    : log:173: Starting Servlet engine: [Apache Tomcat/9.0.16]
2019-03-29 14:59:39.151 INFO  20368          [       restartedMain] o.a.c.core.ContainerBase.[Tomcat-16].[localhost].[/]                       : log:173: Initializing Spring embedded WebApplicationContext
2019-03-29 14:59:39.151 INFO  20368          [       restartedMain] org.springframework.web.context.ContextLoader                              : prepareWebApplicationContext:296: Root WebApplicationContext: initialization completed in 222 ms
2019-03-29 14:59:39.171 INFO  20368          [       restartedMain] c.a.d.s.boot.autoconfigure.DruidDataSourceAutoConfigure                    : dataSource:56: Init DruidDataSource
2019-03-29 14:59:39.975 INFO  20368          [       restartedMain] com.alibaba.druid.pool.DruidDataSource                                     : init:928: {dataSource-140} inited
2019-03-29 14:59:40.020 INFO  20368          [       restartedMain] o.s.scheduling.concurrent.ThreadPoolTaskExecutor                           : initialize:171: Initializing ExecutorService 'applicationTaskExecutor'
2019-03-29 14:59:40.057 WARN  20368          [       restartedMain] o.s.boot.devtools.autoconfigure.OptionalLiveReloadServer                   : startServer:61: Unable to start LiveReload server
2019-03-29 14:59:40.072 INFO  20368          [       restartedMain] o.springframework.boot.web.embedded.tomcat.TomcatWebServer                 : start:204: Tomcat started on port(s): 80 (http) with context path ''
2019-03-29 14:59:40.072 INFO  20368          [       restartedMain] ai.chainbase.wechat_msg.WechatMsgApplication                               : logStarted:59: Started WechatMsgApplication in 1.162 seconds (JVM running for 75133.517)
2019-03-29 14:59:40.073 INFO  20368          [       restartedMain] o.s.b.d.a.ConditionEvaluationDeltaLoggingListener                          : onApplicationEvent:70: Condition evaluation unchanged
2019-03-29 14:59:51.933 INFO  20368          [          Thread-798] o.s.scheduling.concurrent.ThreadPoolTaskExecutor                           : shutdown:208: Shutting down ExecutorService 'applicationTaskExecutor'
2019-03-29 14:59:51.936 INFO  20368          [          Thread-798] com.alibaba.druid.pool.DruidDataSource                                     : close:1823: {dataSource-140} closed
2019-03-29 14:59:52.318 INFO  20368          [       restartedMain] ai.chainbase.wechat_msg.WechatMsgApplication                               : logStarting:50: Starting WechatMsgApplication on FG9L2GMSDXI9S1T with PID 20368 (started by Administrator in F:\Workspaces\IntelliJ IDEA\wechat_msg)
2019-03-29 14:59:52.319 INFO  20368          [       restartedMain] ai.chainbase.wechat_msg.WechatMsgApplication                               : logStartupProfileInfo:675: No active profile set, falling back to default profiles: default
2019-03-29 14:59:52.531 INFO  20368          [       restartedMain] o.springframework.boot.web.embedded.tomcat.TomcatWebServer                 : initialize:90: Tomcat initialized with port(s): 80 (http)
2019-03-29 14:59:52.532 INFO  20368          [       restartedMain] org.apache.catalina.core.StandardService                                   : log:173: Starting service [Tomcat]
2019-03-29 14:59:52.532 INFO  20368          [       restartedMain] org.apache.catalina.core.StandardEngine                                    : log:173: Starting Servlet engine: [Apache Tomcat/9.0.16]
2019-03-29 14:59:52.550 INFO  20368          [       restartedMain] o.a.c.core.ContainerBase.[Tomcat-16].[localhost].[/]                       : log:173: Initializing Spring embedded WebApplicationContext
2019-03-29 14:59:52.550 INFO  20368          [       restartedMain] org.springframework.web.context.ContextLoader                              : prepareWebApplicationContext:296: Root WebApplicationContext: initialization completed in 230 ms
2019-03-29 14:59:52.572 INFO  20368          [       restartedMain] c.a.d.s.boot.autoconfigure.DruidDataSourceAutoConfigure                    : dataSource:56: Init DruidDataSource
2019-03-29 14:59:53.478 INFO  20368          [       restartedMain] com.alibaba.druid.pool.DruidDataSource                                     : init:928: {dataSource-141} inited
2019-03-29 14:59:53.550 INFO  20368          [       restartedMain] o.s.scheduling.concurrent.ThreadPoolTaskExecutor                           : initialize:171: Initializing ExecutorService 'applicationTaskExecutor'
2019-03-29 14:59:53.596 WARN  20368          [       restartedMain] o.s.boot.devtools.autoconfigure.OptionalLiveReloadServer                   : startServer:61: Unable to start LiveReload server
2019-03-29 14:59:53.619 INFO  20368          [       restartedMain] o.springframework.boot.web.embedded.tomcat.TomcatWebServer                 : start:204: Tomcat started on port(s): 80 (http) with context path ''
2019-03-29 14:59:53.619 INFO  20368          [       restartedMain] ai.chainbase.wechat_msg.WechatMsgApplication                               : logStarted:59: Started WechatMsgApplication in 1.322 seconds (JVM running for 75147.065)
2019-03-29 14:59:53.621 INFO  20368          [       restartedMain] o.s.b.d.a.ConditionEvaluationDeltaLoggingListener                          : onApplicationEvent:70: Condition evaluation unchanged
2019-03-29 14:59:55.005 INFO  20368          [          Thread-804] o.s.scheduling.concurrent.ThreadPoolTaskExecutor                           : shutdown:208: Shutting down ExecutorService 'applicationTaskExecutor'
2019-03-29 14:59:55.008 INFO  20368          [          Thread-804] com.alibaba.druid.pool.DruidDataSource                                     : close:1823: {dataSource-141} closed
2019-03-29 14:59:55.436 INFO  20368          [       restartedMain] ai.chainbase.wechat_msg.WechatMsgApplication                               : logStarting:50: Starting WechatMsgApplication on FG9L2GMSDXI9S1T with PID 20368 (started by Administrator in F:\Workspaces\IntelliJ IDEA\wechat_msg)
2019-03-29 14:59:55.437 INFO  20368          [       restartedMain] ai.chainbase.wechat_msg.WechatMsgApplication                               : logStartupProfileInfo:675: No active profile set, falling back to default profiles: default
2019-03-29 14:59:55.666 INFO  20368          [       restartedMain] o.springframework.boot.web.embedded.tomcat.TomcatWebServer                 : initialize:90: Tomcat initialized with port(s): 80 (http)
2019-03-29 14:59:55.667 INFO  20368          [       restartedMain] org.apache.catalina.core.StandardService                                   : log:173: Starting service [Tomcat]
2019-03-29 14:59:55.667 INFO  20368          [       restartedMain] org.apache.catalina.core.StandardEngine                                    : log:173: Starting Servlet engine: [Apache Tomcat/9.0.16]
2019-03-29 14:59:55.688 INFO  20368          [       restartedMain] o.a.c.core.ContainerBase.[Tomcat-16].[localhost].[/]                       : log:173: Initializing Spring embedded WebApplicationContext
2019-03-29 14:59:55.689 INFO  20368          [       restartedMain] org.springframework.web.context.ContextLoader                              : prepareWebApplicationContext:296: Root WebApplicationContext: initialization completed in 251 ms
2019-03-29 14:59:55.723 INFO  20368          [       restartedMain] c.a.d.s.boot.autoconfigure.DruidDataSourceAutoConfigure                    : dataSource:56: Init DruidDataSource
2019-03-29 14:59:55.976 INFO  39300          [                main] ai.chainbase.wechat_msg.WechatMsgApplicationTests                          : logStarting:50: Starting WechatMsgApplicationTests on FG9L2GMSDXI9S1T with PID 39300 (started by Administrator in F:\Workspaces\IntelliJ IDEA\wechat_msg)
2019-03-29 14:59:55.978 INFO  39300          [                main] ai.chainbase.wechat_msg.WechatMsgApplicationTests                          : logStartupProfileInfo:675: No active profile set, falling back to default profiles: default
2019-03-29 14:59:56.968 INFO  39300          [                main] c.a.d.s.boot.autoconfigure.DruidDataSourceAutoConfigure                    : dataSource:56: Init DruidDataSource
2019-03-29 14:59:57.005 INFO  20368          [       restartedMain] com.alibaba.druid.pool.DruidDataSource                                     : init:928: {dataSource-142} inited
2019-03-29 14:59:57.064 INFO  20368          [       restartedMain] o.s.scheduling.concurrent.ThreadPoolTaskExecutor                           : initialize:171: Initializing ExecutorService 'applicationTaskExecutor'
2019-03-29 14:59:57.104 WARN  20368          [       restartedMain] o.s.boot.devtools.autoconfigure.OptionalLiveReloadServer                   : startServer:61: Unable to start LiveReload server
2019-03-29 14:59:57.125 INFO  20368          [       restartedMain] o.springframework.boot.web.embedded.tomcat.TomcatWebServer                 : start:204: Tomcat started on port(s): 80 (http) with context path ''
2019-03-29 14:59:57.129 INFO  20368          [       restartedMain] ai.chainbase.wechat_msg.WechatMsgApplication                               : logStarted:59: Started WechatMsgApplication in 1.709 seconds (JVM running for 75150.571)
2019-03-29 14:59:57.130 INFO  20368          [       restartedMain] o.s.b.d.a.ConditionEvaluationDeltaLoggingListener                          : onApplicationEvent:70: Condition evaluation unchanged
2019-03-29 15:00:00.902 INFO  39300          [                main] com.alibaba.druid.pool.DruidDataSource                                     : init:928: {dataSource-1} inited
2019-03-29 15:00:01.435 INFO  39300          [                main] o.s.scheduling.concurrent.ThreadPoolTaskExecutor                           : initialize:171: Initializing ExecutorService 'applicationTaskExecutor'
2019-03-29 15:00:01.751 INFO  39300          [                main] ai.chainbase.wechat_msg.WechatMsgApplicationTests                          : logStarted:59: Started WechatMsgApplicationTests in 6.087 seconds (JVM running for 6.767)
2019-03-29 15:00:01.920 INFO  39300          [            Thread-3] o.s.scheduling.concurrent.ThreadPoolTaskExecutor                           : shutdown:208: Shutting down ExecutorService 'applicationTaskExecutor'
2019-03-29 15:00:01.927 INFO  39300          [            Thread-3] com.alibaba.druid.pool.DruidDataSource                                     : close:1823: {dataSource-1} closed
2019-03-29 15:21:00.807 INFO  20368          [          Thread-810] o.s.scheduling.concurrent.ThreadPoolTaskExecutor                           : shutdown:208: Shutting down ExecutorService 'applicationTaskExecutor'
2019-03-29 15:21:00.811 INFO  20368          [          Thread-810] com.alibaba.druid.pool.DruidDataSource                                     : close:1823: {dataSource-142} closed
2019-03-29 15:21:01.231 INFO  20368          [       restartedMain] ai.chainbase.wechat_msg.WechatMsgApplication                               : logStarting:50: Starting WechatMsgApplication on FG9L2GMSDXI9S1T with PID 20368 (started by Administrator in F:\Workspaces\IntelliJ IDEA\wechat_msg)
2019-03-29 15:21:01.231 INFO  20368          [       restartedMain] ai.chainbase.wechat_msg.WechatMsgApplication                               : logStartupProfileInfo:675: No active profile set, falling back to default profiles: default
2019-03-29 15:21:01.466 INFO  20368          [       restartedMain] o.springframework.boot.web.embedded.tomcat.TomcatWebServer                 : initialize:90: Tomcat initialized with port(s): 80 (http)
2019-03-29 15:21:01.466 INFO  20368          [       restartedMain] org.apache.catalina.core.StandardService                                   : log:173: Starting service [Tomcat]
2019-03-29 15:21:01.467 INFO  20368          [       restartedMain] org.apache.catalina.core.StandardEngine                                    : log:173: Starting Servlet engine: [Apache Tomcat/9.0.16]
2019-03-29 15:21:01.483 INFO  20368          [       restartedMain] o.a.c.core.ContainerBase.[Tomcat-16].[localhost].[/]                       : log:173: Initializing Spring embedded WebApplicationContext
2019-03-29 15:21:01.484 INFO  20368          [       restartedMain] org.springframework.web.context.ContextLoader                              : prepareWebApplicationContext:296: Root WebApplicationContext: initialization completed in 251 ms
2019-03-29 15:21:01.503 INFO  20368          [       restartedMain] c.a.d.s.boot.autoconfigure.DruidDataSourceAutoConfigure                    : dataSource:56: Init DruidDataSource
2019-03-29 15:21:04.486 INFO  20368          [       restartedMain] com.alibaba.druid.pool.DruidDataSource                                     : init:928: {dataSource-143} inited
2019-03-29 15:21:04.532 INFO  20368          [       restartedMain] o.s.scheduling.concurrent.ThreadPoolTaskExecutor                           : initialize:171: Initializing ExecutorService 'applicationTaskExecutor'
2019-03-29 15:21:04.568 WARN  20368          [       restartedMain] o.s.boot.devtools.autoconfigure.OptionalLiveReloadServer                   : startServer:61: Unable to start LiveReload server
2019-03-29 15:21:04.583 INFO  20368          [       restartedMain] o.springframework.boot.web.embedded.tomcat.TomcatWebServer                 : start:204: Tomcat started on port(s): 80 (http) with context path ''
2019-03-29 15:21:04.583 INFO  20368          [       restartedMain] ai.chainbase.wechat_msg.WechatMsgApplication                               : logStarted:59: Started WechatMsgApplication in 3.372 seconds (JVM running for 76418.029)
2019-03-29 15:21:04.584 INFO  20368          [       restartedMain] o.s.b.d.a.ConditionEvaluationDeltaLoggingListener                          : onApplicationEvent:70: Condition evaluation unchanged
2019-03-29 15:21:07.986 INFO  20368          [          Thread-816] o.s.scheduling.concurrent.ThreadPoolTaskExecutor                           : shutdown:208: Shutting down ExecutorService 'applicationTaskExecutor'
2019-03-29 15:21:07.989 INFO  20368          [          Thread-816] com.alibaba.druid.pool.DruidDataSource                                     : close:1823: {dataSource-143} closed
2019-03-29 15:21:08.324 INFO  20368          [       restartedMain] ai.chainbase.wechat_msg.WechatMsgApplication                               : logStarting:50: Starting WechatMsgApplication on FG9L2GMSDXI9S1T with PID 20368 (started by Administrator in F:\Workspaces\IntelliJ IDEA\wechat_msg)
2019-03-29 15:21:08.324 INFO  20368          [       restartedMain] ai.chainbase.wechat_msg.WechatMsgApplication                               : logStartupProfileInfo:675: No active profile set, falling back to default profiles: default
2019-03-29 15:21:08.550 INFO  20368          [       restartedMain] o.springframework.boot.web.embedded.tomcat.TomcatWebServer                 : initialize:90: Tomcat initialized with port(s): 80 (http)
2019-03-29 15:21:08.551 INFO  20368          [       restartedMain] org.apache.catalina.core.StandardService                                   : log:173: Starting service [Tomcat]
2019-03-29 15:21:08.551 INFO  20368          [       restartedMain] org.apache.catalina.core.StandardEngine                                    : log:173: Starting Servlet engine: [Apache Tomcat/9.0.16]
2019-03-29 15:21:08.570 INFO  20368          [       restartedMain] o.a.c.core.ContainerBase.[Tomcat-16].[localhost].[/]                       : log:173: Initializing Spring embedded WebApplicationContext
2019-03-29 15:21:08.570 INFO  20368          [       restartedMain] org.springframework.web.context.ContextLoader                              : prepareWebApplicationContext:296: Root WebApplicationContext: initialization completed in 244 ms
2019-03-29 15:21:08.591 INFO  20368          [       restartedMain] c.a.d.s.boot.autoconfigure.DruidDataSourceAutoConfigure                    : dataSource:56: Init DruidDataSource
2019-03-29 15:21:10.474 INFO  20368          [       restartedMain] com.alibaba.druid.pool.DruidDataSource                                     : init:928: {dataSource-144} inited
2019-03-29 15:21:10.538 INFO  20368          [       restartedMain] o.s.scheduling.concurrent.ThreadPoolTaskExecutor                           : initialize:171: Initializing ExecutorService 'applicationTaskExecutor'
2019-03-29 15:21:10.582 WARN  20368          [       restartedMain] o.s.boot.devtools.autoconfigure.OptionalLiveReloadServer                   : startServer:61: Unable to start LiveReload server
2019-03-29 15:21:10.597 INFO  20368          [       restartedMain] o.springframework.boot.web.embedded.tomcat.TomcatWebServer                 : start:204: Tomcat started on port(s): 80 (http) with context path ''
2019-03-29 15:21:10.598 INFO  20368          [       restartedMain] ai.chainbase.wechat_msg.WechatMsgApplication                               : logStarted:59: Started WechatMsgApplication in 2.29 seconds (JVM running for 76424.043)
2019-03-29 15:21:10.599 INFO  20368          [       restartedMain] o.s.b.d.a.ConditionEvaluationDeltaLoggingListener                          : onApplicationEvent:70: Condition evaluation unchanged
2019-03-29 15:21:32.107 INFO  20368          [          Thread-822] o.s.scheduling.concurrent.ThreadPoolTaskExecutor                           : shutdown:208: Shutting down ExecutorService 'applicationTaskExecutor'
2019-03-29 15:21:32.111 INFO  20368          [          Thread-822] com.alibaba.druid.pool.DruidDataSource                                     : close:1823: {dataSource-144} closed
2019-03-29 15:21:32.495 INFO  20368          [       restartedMain] ai.chainbase.wechat_msg.WechatMsgApplication                               : logStarting:50: Starting WechatMsgApplication on FG9L2GMSDXI9S1T with PID 20368 (started by Administrator in F:\Workspaces\IntelliJ IDEA\wechat_msg)
2019-03-29 15:21:32.495 INFO  20368          [       restartedMain] ai.chainbase.wechat_msg.WechatMsgApplication                               : logStartupProfileInfo:675: No active profile set, falling back to default profiles: default
2019-03-29 15:21:32.735 INFO  20368          [       restartedMain] o.springframework.boot.web.embedded.tomcat.TomcatWebServer                 : initialize:90: Tomcat initialized with port(s): 80 (http)
2019-03-29 15:21:32.735 INFO  20368          [       restartedMain] org.apache.catalina.core.StandardService                                   : log:173: Starting service [Tomcat]
2019-03-29 15:21:32.736 INFO  20368          [       restartedMain] org.apache.catalina.core.StandardEngine                                    : log:173: Starting Servlet engine: [Apache Tomcat/9.0.16]
2019-03-29 15:21:32.758 INFO  20368          [       restartedMain] o.a.c.core.ContainerBase.[Tomcat-16].[localhost].[/]                       : log:173: Initializing Spring embedded WebApplicationContext
2019-03-29 15:21:32.758 INFO  20368          [       restartedMain] org.springframework.web.context.ContextLoader                              : prepareWebApplicationContext:296: Root WebApplicationContext: initialization completed in 261 ms
2019-03-29 15:21:32.782 INFO  20368          [       restartedMain] c.a.d.s.boot.autoconfigure.DruidDataSourceAutoConfigure                    : dataSource:56: Init DruidDataSource
2019-03-29 15:21:34.111 INFO  20368          [       restartedMain] com.alibaba.druid.pool.DruidDataSource                                     : init:928: {dataSource-145} inited
2019-03-29 15:21:34.162 INFO  20368          [       restartedMain] o.s.scheduling.concurrent.ThreadPoolTaskExecutor                           : initialize:171: Initializing ExecutorService 'applicationTaskExecutor'
2019-03-29 15:21:34.197 WARN  20368          [       restartedMain] o.s.boot.devtools.autoconfigure.OptionalLiveReloadServer                   : startServer:61: Unable to start LiveReload server
2019-03-29 15:21:34.211 INFO  20368          [       restartedMain] o.springframework.boot.web.embedded.tomcat.TomcatWebServer                 : start:204: Tomcat started on port(s): 80 (http) with context path ''
2019-03-29 15:21:34.211 INFO  20368          [       restartedMain] ai.chainbase.wechat_msg.WechatMsgApplication                               : logStarted:59: Started WechatMsgApplication in 1.734 seconds (JVM running for 76447.656)
2019-03-29 15:21:34.212 INFO  20368          [       restartedMain] o.s.b.d.a.ConditionEvaluationDeltaLoggingListener                          : onApplicationEvent:70: Condition evaluation unchanged
2019-03-29 15:21:47.673 INFO  20368          [          Thread-828] o.s.scheduling.concurrent.ThreadPoolTaskExecutor                           : shutdown:208: Shutting down ExecutorService 'applicationTaskExecutor'
2019-03-29 15:21:47.676 INFO  20368          [          Thread-828] com.alibaba.druid.pool.DruidDataSource                                     : close:1823: {dataSource-145} closed
2019-03-29 15:21:48.040 INFO  20368          [       restartedMain] ai.chainbase.wechat_msg.WechatMsgApplication                               : logStarting:50: Starting WechatMsgApplication on FG9L2GMSDXI9S1T with PID 20368 (started by Administrator in F:\Workspaces\IntelliJ IDEA\wechat_msg)
2019-03-29 15:21:48.041 INFO  20368          [       restartedMain] ai.chainbase.wechat_msg.WechatMsgApplication                               : logStartupProfileInfo:675: No active profile set, falling back to default profiles: default
2019-03-29 15:21:48.252 INFO  20368          [       restartedMain] o.springframework.boot.web.embedded.tomcat.TomcatWebServer                 : initialize:90: Tomcat initialized with port(s): 80 (http)
2019-03-29 15:21:48.252 INFO  20368          [       restartedMain] org.apache.catalina.core.StandardService                                   : log:173: Starting service [Tomcat]
2019-03-29 15:21:48.253 INFO  20368          [       restartedMain] org.apache.catalina.core.StandardEngine                                    : log:173: Starting Servlet engine: [Apache Tomcat/9.0.16]
2019-03-29 15:21:48.276 INFO  20368          [       restartedMain] o.a.c.core.ContainerBase.[Tomcat-16].[localhost].[/]                       : log:173: Initializing Spring embedded WebApplicationContext
2019-03-29 15:21:48.276 INFO  20368          [       restartedMain] org.springframework.web.context.ContextLoader                              : prepareWebApplicationContext:296: Root WebApplicationContext: initialization completed in 234 ms
2019-03-29 15:21:48.301 INFO  20368          [       restartedMain] c.a.d.s.boot.autoconfigure.DruidDataSourceAutoConfigure                    : dataSource:56: Init DruidDataSource
2019-03-29 15:21:50.371 INFO  20368          [       restartedMain] com.alibaba.druid.pool.DruidDataSource                                     : init:928: {dataSource-146} inited
2019-03-29 15:21:50.420 INFO  20368          [       restartedMain] o.s.scheduling.concurrent.ThreadPoolTaskExecutor                           : initialize:171: Initializing ExecutorService 'applicationTaskExecutor'
2019-03-29 15:21:50.454 WARN  20368          [       restartedMain] o.s.boot.devtools.autoconfigure.OptionalLiveReloadServer                   : startServer:61: Unable to start LiveReload server
2019-03-29 15:21:50.468 INFO  20368          [       restartedMain] o.springframework.boot.web.embedded.tomcat.TomcatWebServer                 : start:204: Tomcat started on port(s): 80 (http) with context path ''
2019-03-29 15:21:50.469 INFO  20368          [       restartedMain] ai.chainbase.wechat_msg.WechatMsgApplication                               : logStarted:59: Started WechatMsgApplication in 2.444 seconds (JVM running for 76463.914)
2019-03-29 15:21:50.470 INFO  20368          [       restartedMain] o.s.b.d.a.ConditionEvaluationDeltaLoggingListener                          : onApplicationEvent:70: Condition evaluation unchanged
